mode: set
github.com/matiasdestefano/go-web/internal/productos/repositorio.go:35.47,39.2 1 1
github.com/matiasdestefano/go-web/internal/productos/repositorio.go:41.51,44.16 3 1
github.com/matiasdestefano/go-web/internal/productos/repositorio.go:47.2,47.28 1 1
github.com/matiasdestefano/go-web/internal/productos/repositorio.go:44.16,46.3 1 0
github.com/matiasdestefano/go-web/internal/productos/repositorio.go:50.58,53.16 3 1
github.com/matiasdestefano/go-web/internal/productos/repositorio.go:56.2,58.16 3 1
github.com/matiasdestefano/go-web/internal/productos/repositorio.go:61.2,63.16 3 1
github.com/matiasdestefano/go-web/internal/productos/repositorio.go:66.2,66.15 1 1
github.com/matiasdestefano/go-web/internal/productos/repositorio.go:53.16,55.3 1 0
github.com/matiasdestefano/go-web/internal/productos/repositorio.go:58.16,60.3 1 0
github.com/matiasdestefano/go-web/internal/productos/repositorio.go:63.16,65.3 1 0
github.com/matiasdestefano/go-web/internal/productos/repositorio.go:69.67,73.16 4 1
github.com/matiasdestefano/go-web/internal/productos/repositorio.go:76.2,76.42 1 1
github.com/matiasdestefano/go-web/internal/productos/repositorio.go:83.2,83.18 1 1
github.com/matiasdestefano/go-web/internal/productos/repositorio.go:87.2,88.16 2 1
github.com/matiasdestefano/go-web/internal/productos/repositorio.go:91.2,91.15 1 1
github.com/matiasdestefano/go-web/internal/productos/repositorio.go:73.16,75.3 1 0
github.com/matiasdestefano/go-web/internal/productos/repositorio.go:76.42,77.24 1 1
github.com/matiasdestefano/go-web/internal/productos/repositorio.go:77.24,81.4 3 1
github.com/matiasdestefano/go-web/internal/productos/repositorio.go:83.18,85.3 1 0
github.com/matiasdestefano/go-web/internal/productos/repositorio.go:88.16,90.3 1 0
github.com/matiasdestefano/go-web/internal/productos/repositorio.go:94.44,97.16 3 1
github.com/matiasdestefano/go-web/internal/productos/repositorio.go:100.2,100.54 1 1
github.com/matiasdestefano/go-web/internal/productos/repositorio.go:97.16,99.3 1 0
github.com/matiasdestefano/go-web/internal/productos/repositorio.go:103.43,107.16 4 1
github.com/matiasdestefano/go-web/internal/productos/repositorio.go:110.2,110.38 1 1
github.com/matiasdestefano/go-web/internal/productos/repositorio.go:116.2,116.14 1 1
github.com/matiasdestefano/go-web/internal/productos/repositorio.go:119.2,120.16 2 1
github.com/matiasdestefano/go-web/internal/productos/repositorio.go:123.2,123.12 1 1
github.com/matiasdestefano/go-web/internal/productos/repositorio.go:107.16,109.3 1 0
github.com/matiasdestefano/go-web/internal/productos/repositorio.go:110.38,111.20 1 1
github.com/matiasdestefano/go-web/internal/productos/repositorio.go:111.20,114.4 2 1
github.com/matiasdestefano/go-web/internal/productos/repositorio.go:116.14,118.3 1 1
github.com/matiasdestefano/go-web/internal/productos/repositorio.go:120.16,122.3 1 0
github.com/matiasdestefano/go-web/internal/productos/repositorio.go:126.105,131.16 5 1
github.com/matiasdestefano/go-web/internal/productos/repositorio.go:135.2,136.35 2 1
github.com/matiasdestefano/go-web/internal/productos/repositorio.go:144.2,144.14 1 1
github.com/matiasdestefano/go-web/internal/productos/repositorio.go:147.2,148.16 2 1
github.com/matiasdestefano/go-web/internal/productos/repositorio.go:151.2,151.18 1 1
github.com/matiasdestefano/go-web/internal/productos/repositorio.go:131.16,133.3 1 0
github.com/matiasdestefano/go-web/internal/productos/repositorio.go:136.35,137.17 1 1
github.com/matiasdestefano/go-web/internal/productos/repositorio.go:137.17,142.4 4 1
github.com/matiasdestefano/go-web/internal/productos/repositorio.go:144.14,146.3 1 0
github.com/matiasdestefano/go-web/internal/productos/repositorio.go:148.16,150.3 1 0
github.com/matiasdestefano/go-web/internal/productos/servicio.go:19.42,23.2 1 1
github.com/matiasdestefano/go-web/internal/productos/servicio.go:25.48,28.2 2 1
github.com/matiasdestefano/go-web/internal/productos/servicio.go:30.55,32.16 2 1
github.com/matiasdestefano/go-web/internal/productos/servicio.go:36.2,39.16 4 1
github.com/matiasdestefano/go-web/internal/productos/servicio.go:43.2,43.22 1 1
github.com/matiasdestefano/go-web/internal/productos/servicio.go:32.16,34.3 1 0
github.com/matiasdestefano/go-web/internal/productos/servicio.go:39.16,41.3 1 0
github.com/matiasdestefano/go-web/internal/productos/servicio.go:46.156,49.16 3 1
github.com/matiasdestefano/go-web/internal/productos/servicio.go:52.2,52.15 1 1
github.com/matiasdestefano/go-web/internal/productos/servicio.go:49.16,51.3 1 0
github.com/matiasdestefano/go-web/internal/productos/servicio.go:55.40,57.2 1 1
github.com/matiasdestefano/go-web/internal/productos/servicio.go:59.102,61.2 1 1
